<?xml version="1.0" encoding="UTF-8"?>
<!-- Generated by org.testng.reporters.JUnitXMLReporter -->
<testsuite ignored="0" hostname="MR_STOIC" failures="0" tests="5" name="Default test" time="0.047" errors="0" timestamp="2024-08-05T01:54:08 IST">
  <testcase classname="TestNG.testng_practice" name="m1" time="0.005"/>
  <testcase classname="TestNG.testng_practice" name="m1" time="0.001"/>
  <testcase classname="TestNG.testng_practice" name="m1" time="0.001"/>
  <testcase classname="TestNG.testng_practice" name="m1" time="0.0"/>
  <testcase classname="TestNG.testng_practice" name="m1" time="0.0"/>
</testsuite> <!-- Default test -->
