<?xml version="1.0" encoding="UTF-8"?>
<testng-results ignored="0" total="5" passed="5" failed="0" skipped="0">
  <reporter-output>
  </reporter-output>
  <suite started-at="2024-08-05T01:54:08 IST" name="Default suite" finished-at="2024-08-05T01:54:08 IST" duration-ms="47">
    <groups>
    </groups>
    <test started-at="2024-08-05T01:54:08 IST" name="Default test" finished-at="2024-08-05T01:54:08 IST" duration-ms="47">
      <class name="TestNG.testng_practice">
        <test-method signature="m1(java.lang.String,java.lang.String)[pri:0, instance:TestNG.testng_practice@2fb3536e]" started-at="2024-08-05T01:54:08 IST" name="m1" data-provider="dp" finished-at="2024-08-05T01:54:08 IST" duration-ms="5" status="PASS">
          <params>
            <param index="0">
              <value>
                <![CDATA[Pass]]>
              </value>
            </param>
            <param index="1">
              <value>
                <![CDATA[123]]>
              </value>
            </param>
          </params>
          <reporter-output>
          </reporter-output>
        </test-method> <!-- m1 -->
        <test-method signature="m1(java.lang.String,java.lang.String)[pri:0, instance:TestNG.testng_practice@2fb3536e]" started-at="2024-08-05T01:54:08 IST" name="m1" data-provider="dp" finished-at="2024-08-05T01:54:08 IST" duration-ms="1" status="PASS">
          <params>
            <param index="0">
              <value>
                <![CDATA[Pass1]]>
              </value>
            </param>
            <param index="1">
              <value>
                <![CDATA[1231]]>
              </value>
            </param>
          </params>
          <reporter-output>
          </reporter-output>
        </test-method> <!-- m1 -->
        <test-method signature="m1(java.lang.String,java.lang.String)[pri:0, instance:TestNG.testng_practice@2fb3536e]" started-at="2024-08-05T01:54:08 IST" name="m1" data-provider="dp" finished-at="2024-08-05T01:54:08 IST" duration-ms="1" status="PASS">
          <params>
            <param index="0">
              <value>
                <![CDATA[Pass2]]>
              </value>
            </param>
            <param index="1">
              <value>
                <![CDATA[1232]]>
              </value>
            </param>
          </params>
          <reporter-output>
          </reporter-output>
        </test-method> <!-- m1 -->
        <test-method signature="m1(java.lang.String,java.lang.String)[pri:0, instance:TestNG.testng_practice@2fb3536e]" started-at="2024-08-05T01:54:08 IST" name="m1" data-provider="dp" finished-at="2024-08-05T01:54:08 IST" duration-ms="0" status="PASS">
          <params>
            <param index="0">
              <value>
                <![CDATA[Pass3]]>
              </value>
            </param>
            <param index="1">
              <value>
                <![CDATA[1233]]>
              </value>
            </param>
          </params>
          <reporter-output>
          </reporter-output>
        </test-method> <!-- m1 -->
        <test-method signature="m1(java.lang.String,java.lang.String)[pri:0, instance:TestNG.testng_practice@2fb3536e]" started-at="2024-08-05T01:54:08 IST" name="m1" data-provider="dp" finished-at="2024-08-05T01:54:08 IST" duration-ms="0" status="PASS">
          <params>
            <param index="0">
              <value>
                <![CDATA[Pass4]]>
              </value>
            </param>
            <param index="1">
              <value>
                <![CDATA[1234]]>
              </value>
            </param>
          </params>
          <reporter-output>
          </reporter-output>
        </test-method> <!-- m1 -->
      </class> <!-- TestNG.testng_practice -->
    </test> <!-- Default test -->
  </suite> <!-- Default suite -->
</testng-results>
